<?xml version="1.0" encoding="UTF-8"?>
<!-- Generated by org.testng.reporters.JUnitReportReporter -->
<testsuite hostname="ES-Saleemullah" failures="0" tests="4" name="com.login.LoginScenarios" time="20.439" errors="0" timestamp="2021-09-10T12:12:31 PKT" skipped="0">
  <testcase classname="com.login.LoginScenarios" name="LoginTest" time="4.321"/>
  <system-out/>
  <testcase classname="com.login.LoginScenarios" name="WrongPasswordTest" time="3.575"/>
  <system-out/>
  <testcase classname="com.login.LoginScenarios" name="LogoutTest" time="9.060"/>
  <system-out>
    <![CDATA[Landed on dashboard]]>
  </system-out>
  <testcase classname="com.login.LoginScenarios" name="LoginEmptyTest" time="3.483"/>
  <system-out/>
</testsuite> <!-- com.login.LoginScenarios -->
